[00:13:14] [User Authenticator #25/INFO]: UUID of player ju4n0 is fd6f8166-18d1-43f3-abfe-e64938ee64ad
[00:13:14] [Server thread/INFO]: ju4n0[/88.9.69.241:65475] logged in with entity id 105107 at (-284.2621279982094, 71.0, 89.58004967764792)
[00:13:14] [Server thread/INFO]: ju4n0 joined the game
[00:20:15] [Server thread/INFO]: izuuuuuz has made the advancement [Not Today, Thank You]
[00:33:13] [Server thread/INFO]: izuuuuuz has made the advancement [Fishy Business]
[00:35:09] [Server thread/INFO]: guiyermooo has made the advancement [Fishy Business]
[00:45:17] [Server thread/INFO]: izuuuuuz was slain by Zombie Pigman
[00:54:52] [Server thread/INFO]: izuuuuuz lost connection: Disconnected
[00:54:52] [Server thread/INFO]: izuuuuuz left the game
[00:57:41] [Server thread/INFO]: ju4n0 has made the advancement [The Parrots and the Bats]
[01:05:47] [Server thread/INFO]: ju4n0 has made the advancement [Take Aim]
[01:07:27] [Server thread/INFO]: ju4n0 lost connection: Disconnected
[01:07:27] [Server thread/INFO]: ju4n0 left the game
[01:14:17] [Server thread/INFO]: guiyermooo lost connection: Disconnected
[01:14:17] [Server thread/INFO]: guiyermooo left the game
[01:34:03] [Server thread/INFO]: Saving the game (this may take a moment!)
[01:34:03] [Server thread/INFO]: Saved the game
[01:34:03] [Server thread/INFO]: Unknown command
[01:34:03] [Server thread/INFO]: <--[HERE]
[01:34:04] [Server thread/INFO]: Unknown command
[01:34:04] [Server thread/INFO]: <--[HERE]
[01:34:04] [Server thread/INFO]: Unknown command
[01:34:04] [Server thread/INFO]: <--[HERE]
[01:34:04] [Server thread/INFO]: Unknown command
[01:34:04] [Server thread/INFO]: <--[HERE]
[01:34:04] [Server thread/INFO]: Unknown command
[01:34:04] [Server thread/INFO]: <--[HERE]
[01:34:04] [Server thread/INFO]: Unknown command
[01:34:04] [Server thread/INFO]: <--[HERE]
[01:34:04] [Server thread/INFO]: Unknown command
[01:34:04] [Server thread/INFO]: <--[HERE]
[01:34:04] [Server thread/INFO]: Unknown command
[01:34:04] [Server thread/INFO]: <--[HERE]
[01:34:04] [Server thread/INFO]: Unknown command
[01:34:04] [Server thread/INFO]: <--[HERE]
[01:34:04] [Server thread/INFO]: Unknown command
[01:34:04] [Server thread/INFO]: <--[HERE]
[01:34:04] [Server thread/INFO]: Unknown command
[01:34:04] [Server thread/INFO]: <--[HERE]
[01:34:04] [Server thread/INFO]: Unknown command
[01:34:04] [Server thread/INFO]: <--[HERE]
[01:34:04] [Server thread/INFO]: Unknown command
[01:34:04] [Server thread/INFO]: <--[HERE]
[01:34:04] [Server thread/INFO]: Unknown command
[01:34:04] [Server thread/INFO]: <--[HERE]
[01:34:04] [Server thread/INFO]: Unknown command
[01:34:04] [Server thread/INFO]: <--[HERE]
[01:34:04] [Server thread/INFO]: Unknown command
[01:34:04] [Server thread/INFO]: <--[HERE]
[01:34:04] [Server thread/INFO]: Unknown command
[01:34:04] [Server thread/INFO]: <--[HERE]
[01:34:04] [Server thread/INFO]: Unknown command
[01:34:04] [Server thread/INFO]: <--[HERE]
[01:34:04] [Server thread/INFO]: Unknown command
[01:34:04] [Server thread/INFO]: <--[HERE]
[01:34:04] [Server thread/INFO]: Unknown command
[01:34:04] [Server thread/INFO]: <--[HERE]
[01:34:06] [Server thread/INFO]: Saving the game (this may take a moment!)
[01:34:06] [Server thread/INFO]: Saved the game
[01:34:10] [Server thread/INFO]: Stopping the server
[01:34:10] [Server thread/INFO]: Stopping server
[01:34:10] [Server thread/INFO]: Saving players
[01:34:10] [Server thread/INFO]: Saving worlds
[01:34:10] [Server thread/INFO]: Saving chunks for level 'world'/minecraft:the_end
[01:34:10] [Server thread/INFO]: ThreadedAnvilChunkStorage (DIM1): All chunks are saved
[01:34:10] [Server thread/INFO]: Saving chunks for level 'world'/minecraft:overworld
[01:34:10] [Server thread/INFO]: ThreadedAnvilChunkStorage (world): All chunks are saved
[01:34:10] [Server thread/INFO]: Saving chunks for level 'world'/minecraft:the_nether
[01:34:10] [Server thread/INFO]: ThreadedAnvilChunkStorage (DIM-1): All chunks are saved
[01:34:10] [Server thread/INFO]: ThreadedAnvilChunkStorage (DIM1): All chunks are saved
[01:34:10] [Server thread/INFO]: ThreadedAnvilChunkStorage (world): All chunks are saved
[01:34:10] [Server thread/INFO]: ThreadedAnvilChunkStorage (DIM-1): All chunks are saved
